<?xml version="1.0" encoding="UTF-8"?>
<testsuite xmlns:xsi="http://www.w3.org/2001/XMLSchema-instance" xsi:noNamespaceSchemaLocation="https://maven.apache.org/surefire/maven-surefire-plugin/xsd/surefire-test-report.xsd" name="TestSuite" time="104.758" tests="11" errors="0" skipped="0" failures="6">
  <properties>
[...]
</properties>
  <testcase name="testchrome" classname="com.wordpress.tests.TestSeleniumChrome" time="14.345"/>
  <testcase name="loginToWordpress" classname="com.wordpress.tests.KeywordDrivenUsingExcel" time="8.294">
    <failure message="expected [http://demosite.center/wordpress/wp-login.php] but found [http://demosite.center/wordpress/wp-admin/]" type="java.lang.AssertionError">java.lang.AssertionError: expected [http://demosite.center/wordpress/wp-login.php] but found [http://demosite.center/wordpress/wp-admin/]
	at com.wordpress.tests.KeywordDrivenUsingExcel.loginToWordpress(KeywordDrivenUsingExcel.java:31)
</failure>
    <system-err><![CDATA[Starting ChromeDriver 85.0.4183.87 (cd6713ebf92fa1cacc0f1a598df280093af0c5d7-refs/branch-heads/4183@{#1689}) on port 9546
Only local connections are allowed.
Please see https://chromedriver.chromium.org/security-considerations for suggestions on keeping ChromeDriver safe.
ChromeDriver was started successfully.
[1603851532.447][WARNING]: This version of ChromeDriver has not been tested with Chrome version 86.
Oct 27, 2020 10:18:54 PM org.openqa.selenium.remote.ProtocolHandshake createSession
INFO: Detected dialect: W3C
]]></system-err>
  </testcase>
  <testcase name="loginToWordpress" classname="com.wordpress.tests.KeywordDrivenUsingExcel" time="12.166"/>
  <testcase name="loginToWordpress" classname="com.wordpress.tests.KeywordDrivenUsingExcel" time="6.048">
    <failure message="expected [http://demosite.center/wordpress/wp-login.php] but found [http://demosite.center/wordpress/wp-admin/]" type="java.lang.AssertionError">java.lang.AssertionError: expected [http://demosite.center/wordpress/wp-login.php] but found [http://demosite.center/wordpress/wp-admin/]
	at com.wordpress.tests.KeywordDrivenUsingExcel.loginToWordpress(KeywordDrivenUsingExcel.java:31)
</failure>
    <system-err><![CDATA[Starting ChromeDriver 85.0.4183.87 (cd6713ebf92fa1cacc0f1a598df280093af0c5d7-refs/branch-heads/4183@{#1689}) on port 14706
Only local connections are allowed.
Please see https://chromedriver.chromium.org/security-considerations for suggestions on keeping ChromeDriver safe.
ChromeDriver was started successfully.
[1603851554.810][WARNING]: This version of ChromeDriver has not been tested with Chrome version 86.
Oct 27, 2020 10:19:16 PM org.openqa.selenium.remote.ProtocolHandshake createSession
INFO: Detected dialect: W3C
]]></system-err>
  </testcase>
  <testcase name="loginToWordpress" classname="com.wordpress.tests.DataDrivenUsingExcel" time="7.45">
    <failure message="expected [http://demosite.center/wordpress/wp-login.php] but found [http://demosite.center/wordpress/wp-admin/]" type="java.lang.AssertionError">java.lang.AssertionError: expected [http://demosite.center/wordpress/wp-login.php] but found [http://demosite.center/wordpress/wp-admin/]
	at com.wordpress.tests.DataDrivenUsingExcel.loginToWordpress(DataDrivenUsingExcel.java:26)
</failure>
    <system-err><![CDATA[Starting ChromeDriver 85.0.4183.87 (cd6713ebf92fa1cacc0f1a598df280093af0c5d7-refs/branch-heads/4183@{#1689}) on port 19845
Only local connections are allowed.
Please see https://chromedriver.chromium.org/security-considerations for suggestions on keeping ChromeDriver safe.
ChromeDriver was started successfully.
[1603851561.500][WARNING]: This version of ChromeDriver has not been tested with Chrome version 86.
Oct 27, 2020 10:19:23 PM org.openqa.selenium.remote.ProtocolHandshake createSession
INFO: Detected dialect: W3C
]]></system-err>
  </testcase>
  <testcase name="loginToWordpress" classname="com.wordpress.tests.DataDrivenUsingExcel" time="8.19"/>
  <testcase name="loginToWordpress" classname="com.wordpress.tests.DataDrivenUsingExcel" time="6.509">
    <failure message="expected [http://demosite.center/wordpress/wp-login.php] but found [http://demosite.center/wordpress/wp-admin/]" type="java.lang.AssertionError">java.lang.AssertionError: expected [http://demosite.center/wordpress/wp-login.php] but found [http://demosite.center/wordpress/wp-admin/]
	at com.wordpress.tests.DataDrivenUsingExcel.loginToWordpress(DataDrivenUsingExcel.java:26)
</failure>
    <system-err><![CDATA[Starting ChromeDriver 85.0.4183.87 (cd6713ebf92fa1cacc0f1a598df280093af0c5d7-refs/branch-heads/4183@{#1689}) on port 14281
Only local connections are allowed.
Please see https://chromedriver.chromium.org/security-considerations for suggestions on keeping ChromeDriver safe.
ChromeDriver was started successfully.
[1603851579.134][WARNING]: This version of ChromeDriver has not been tested with Chrome version 86.
Oct 27, 2020 10:19:41 PM org.openqa.selenium.remote.ProtocolHandshake createSession
INFO: Detected dialect: W3C
]]></system-err>
  </testcase>
  <testcase name="loginToWordpress" classname="com.wordpress.tests.DataDrivenUsingDataProvider" time="6.018">
    <failure message="expected [http://demosite.center/wordpress/wp-login.php] but found [http://demosite.center/wordpress/wp-admin/]" type="java.lang.AssertionError">java.lang.AssertionError: expected [http://demosite.center/wordpress/wp-login.php] but found [http://demosite.center/wordpress/wp-admin/]
	at com.wordpress.tests.DataDrivenUsingDataProvider.loginToWordpress(DataDrivenUsingDataProvider.java:25)
</failure>
    <system-err><![CDATA[Starting ChromeDriver 85.0.4183.87 (cd6713ebf92fa1cacc0f1a598df280093af0c5d7-refs/branch-heads/4183@{#1689}) on port 6462
Only local connections are allowed.
Please see https://chromedriver.chromium.org/security-considerations for suggestions on keeping ChromeDriver safe.
ChromeDriver was started successfully.
[1603851585.838][WARNING]: This version of ChromeDriver has not been tested with Chrome version 86.
Oct 27, 2020 10:19:47 PM org.openqa.selenium.remote.ProtocolHandshake createSession
INFO: Detected dialect: W3C
]]></system-err>
  </testcase>
  <testcase name="loginToWordpress" classname="com.wordpress.tests.DataDrivenUsingDataProvider" time="7.554"/>
  <testcase name="loginToWordpress" classname="com.wordpress.tests.DataDrivenUsingDataProvider" time="7.897">
    <failure message="expected [http://demosite.center/wordpress/wp-login.php] but found [http://demosite.center/wordpress/wp-admin/]" type="java.lang.AssertionError">java.lang.AssertionError: expected [http://demosite.center/wordpress/wp-login.php] but found [http://demosite.center/wordpress/wp-admin/]
	at com.wordpress.tests.DataDrivenUsingDataProvider.loginToWordpress(DataDrivenUsingDataProvider.java:25)
</failure>
    <system-err><![CDATA[Starting ChromeDriver 85.0.4183.87 (cd6713ebf92fa1cacc0f1a598df280093af0c5d7-refs/branch-heads/4183@{#1689}) on port 21964
Only local connections are allowed.
Please see https://chromedriver.chromium.org/security-considerations for suggestions on keeping ChromeDriver safe.
ChromeDriver was started successfully.
[1603851603.090][WARNING]: This version of ChromeDriver has not been tested with Chrome version 86.
Oct 27, 2020 10:20:05 PM org.openqa.selenium.remote.ProtocolHandshake createSession
INFO: Detected dialect: W3C
]]></system-err>
  </testcase>
  <testcase name="checkValidLogin" classname="com.wordpress.tests.WordpressValidLogin" time="10.819"/>
</testsuite>